-encoding
UTF-8
-outxml
-source
1.6
-target
1.6
-classpath
C:\Users\priyanka\.m2\repository\antlr\antlr\2.7.6\antlr-2.7.6.jar;C:\Users\priyanka\.m2\repository\aopalliance\aopalliance\1.0\aopalliance-1.0.jar;C:\Users\priyanka\.m2\repository\cglib\cglib-nodep\2.2.2\cglib-nodep-2.2.2.jar;C:\Users\priyanka\.m2\repository\commons-collections\commons-collections\3.1\commons-collections-3.1.jar;C:\Users\priyanka\.m2\repository\commons-dbcp\commons-dbcp\1.3\commons-dbcp-1.3.jar;C:\Users\priyanka\.m2\repository\commons-pool\commons-pool\1.5.4\commons-pool-1.5.4.jar;C:\Users\priyanka\.m2\repository\dom4j\dom4j\1.6.1\dom4j-1.6.1.jar;C:\Users\priyanka\.m2\repository\javassist\javassist\3.12.0.GA\javassist-3.12.0.GA.jar;C:\Users\priyanka\.m2\repository\javax\servlet\servlet-api\2.5\servlet-api-2.5.jar;C:\Users\priyanka\.m2\repository\javax\transaction\jta\1.1\jta-1.1.jar;C:\Users\priyanka\.m2\repository\javax\validation\validation-api\1.0.0.GA\validation-api-1.0.0.GA.jar;C:\Users\priyanka\.m2\repository\log4j\log4j\1.2.16\log4j-1.2.16.jar;C:\Users\priyanka\.m2\repository\mysql\mysql-connector-java\5.1.17\mysql-connector-java-5.1.17.jar;C:\Users\priyanka\.m2\repository\net\sf\flexjson\flexjson\2.1\flexjson-2.1.jar;C:\Users\priyanka\.m2\repository\org\aspectj\aspectjrt\1.6.12.M2\aspectjrt-1.6.12.M2.jar;C:\Users\priyanka\.m2\repository\org\aspectj\aspectjweaver\1.6.12.M2\aspectjweaver-1.6.12.M2.jar;C:\Users\priyanka\.m2\repository\org\hibernate\hibernate-commons-annotations\3.2.0.Final\hibernate-commons-annotations-3.2.0.Final.jar;C:\Users\priyanka\.m2\repository\org\hibernate\hibernate-core\3.6.7.Final\hibernate-core-3.6.7.Final.jar;C:\Users\priyanka\.m2\repository\org\hibernate\hibernate-entitymanager\3.6.7.Final\hibernate-entitymanager-3.6.7.Final.jar;C:\Users\priyanka\.m2\repository\org\hibernate\hibernate-validator\4.2.0.Final\hibernate-validator-4.2.0.Final.jar;C:\Users\priyanka\.m2\repository\org\hibernate\javax\persistence\hibernate-jpa-2.0-api\1.0.1.Final\hibernate-jpa-2.0-api-1.0.1.Final.jar;C:\Users\priyanka\.m2\repository\org\slf4j\jcl-over-slf4j\1.6.1\jcl-over-slf4j-1.6.1.jar;C:\Users\priyanka\.m2\repository\org\slf4j\slf4j-api\1.6.1\slf4j-api-1.6.1.jar;C:\Users\priyanka\.m2\repository\org\slf4j\slf4j-log4j12\1.6.1\slf4j-log4j12-1.6.1.jar;C:\Users\priyanka\.m2\repository\org\springframework\spring-aop\3.0.6.RELEASE\spring-aop-3.0.6.RELEASE.jar;C:\Users\priyanka\.m2\repository\org\springframework\spring-asm\3.0.6.RELEASE\spring-asm-3.0.6.RELEASE.jar;C:\Users\priyanka\.m2\repository\org\springframework\spring-aspects\3.0.6.RELEASE\spring-aspects-3.0.6.RELEASE.jar;C:\Users\priyanka\.m2\repository\org\springframework\spring-beans\3.0.6.RELEASE\spring-beans-3.0.6.RELEASE.jar;C:\Users\priyanka\.m2\repository\org\springframework\spring-context\3.0.6.RELEASE\spring-context-3.0.6.RELEASE.jar;C:\Users\priyanka\.m2\repository\org\springframework\spring-context-support\3.0.6.RELEASE\spring-context-support-3.0.6.RELEASE.jar;C:\Users\priyanka\.m2\repository\org\springframework\spring-core\3.0.6.RELEASE\spring-core-3.0.6.RELEASE.jar;C:\Users\priyanka\.m2\repository\org\springframework\spring-expression\3.0.6.RELEASE\spring-expression-3.0.6.RELEASE.jar;C:\Users\priyanka\.m2\repository\org\springframework\spring-jdbc\3.0.6.RELEASE\spring-jdbc-3.0.6.RELEASE.jar;C:\Users\priyanka\.m2\repository\org\springframework\spring-orm\3.0.6.RELEASE\spring-orm-3.0.6.RELEASE.jar;C:\Users\priyanka\.m2\repository\org\springframework\spring-tx\3.0.6.RELEASE\spring-tx-3.0.6.RELEASE.jar;C:\Users\priyanka\.m2\repository\org\springframework\roo\org.springframework.roo.annotations\1.2.0.M1\org.springframework.roo.annotations-1.2.0.M1.jar;C:\Users\priyanka\git\bikelet\target\classes
-aspectpath
C:\Users\priyanka\.m2\repository\org\springframework\spring-aspects\3.0.6.RELEASE\spring-aspects-3.0.6.RELEASE.jar
-d
C:\Users\priyanka\git\bikelet\target\classes
C:\Users\priyanka\git\bikelet\src\main\java\com\sjsu\bikelet\domain\Permission.java
C:\Users\priyanka\git\bikelet\src\main\java\com\sjsu\bikelet\domain\BikeLocation_Roo_Jpa_Entity.aj
C:\Users\priyanka\git\bikelet\src\main\java\com\sjsu\bikelet\domain\Organization_Roo_Jpa_Entity.aj
C:\Users\priyanka\git\bikelet\src\main\java\com\sjsu\bikelet\domain\SubscriptionPolicy.java
C:\Users\priyanka\git\bikelet\src\main\java\com\sjsu\bikelet\domain\BillTransaction_Roo_JavaBean.aj
C:\Users\priyanka\git\bikelet\src\main\java\com\sjsu\bikelet\domain\Program.java
C:\Users\priyanka\git\bikelet\src\main\java\com\sjsu\bikelet\domain\BillTransaction_Roo_Configurable.aj
C:\Users\priyanka\git\bikelet\src\main\java\com\sjsu\bikelet\domain\Bill_Roo_ToString.aj
C:\Users\priyanka\git\bikelet\src\main\java\com\sjsu\bikelet\domain\Permission_Roo_Jpa_Entity.aj
C:\Users\priyanka\git\bikelet\src\main\java\com\sjsu\bikelet\domain\Organization.java
C:\Users\priyanka\git\bikelet\src\main\java\com\sjsu\bikelet\domain\Program_Roo_ToString.aj
C:\Users\priyanka\git\bikelet\src\main\java\com\sjsu\bikelet\domain\Organization_Roo_JavaBean.aj
C:\Users\priyanka\git\bikelet\src\main\java\com\sjsu\bikelet\domain\Address_Roo_Entity.aj
C:\Users\priyanka\git\bikelet\src\main\java\com\sjsu\bikelet\domain\LicensePolicy_Roo_Configurable.aj
C:\Users\priyanka\git\bikelet\src\main\java\com\sjsu\bikelet\domain\BikeLetUser_Roo_JavaBean.aj
C:\Users\priyanka\git\bikelet\src\main\java\com\sjsu\bikelet\domain\Tenant.java
C:\Users\priyanka\git\bikelet\src\main\java\com\sjsu\bikelet\domain\Address_Roo_JavaBean.aj
C:\Users\priyanka\git\bikelet\src\main\java\com\sjsu\bikelet\domain\SubscriptionPolicy_Roo_Jpa_Entity.aj
C:\Users\priyanka\git\bikelet\src\main\java\com\sjsu\bikelet\domain\Bike_Roo_Configurable.aj
C:\Users\priyanka\git\bikelet\src\main\java\com\sjsu\bikelet\domain\TenantLicensePolicy.java
C:\Users\priyanka\git\bikelet\src\main\java\com\sjsu\bikelet\domain\LicensePolicy_Roo_JavaBean.aj
C:\Users\priyanka\git\bikelet\src\main\java\com\sjsu\bikelet\domain\BikeLetRole_Roo_ToString.aj
C:\Users\priyanka\git\bikelet\src\main\java\com\sjsu\bikelet\domain\BikeLetRole_Roo_Entity.aj
C:\Users\priyanka\git\bikelet\src\main\java\com\sjsu\bikelet\domain\Permission_Roo_Entity.aj
C:\Users\priyanka\git\bikelet\src\main\java\com\sjsu\bikelet\domain\BikeLetUser_Roo_Jpa_Entity.aj
C:\Users\priyanka\git\bikelet\src\main\java\com\sjsu\bikelet\domain\Organization_Roo_Entity.aj
C:\Users\priyanka\git\bikelet\src\main\java\com\sjsu\bikelet\domain\Program_Roo_Jpa_Entity.aj
C:\Users\priyanka\git\bikelet\src\main\java\com\sjsu\bikelet\domain\Bike_Roo_ToString.aj
C:\Users\priyanka\git\bikelet\src\main\java\com\sjsu\bikelet\domain\Program_Roo_Configurable.aj
C:\Users\priyanka\git\bikelet\src\main\java\com\sjsu\bikelet\domain\Tenant_Roo_Entity.aj
C:\Users\priyanka\git\bikelet\src\main\java\com\sjsu\bikelet\domain\TenantLicensePolicy_Roo_Jpa_Entity.aj
C:\Users\priyanka\git\bikelet\src\main\java\com\sjsu\bikelet\domain\PaymentInfo_Roo_JavaBean.aj
C:\Users\priyanka\git\bikelet\src\main\java\com\sjsu\bikelet\domain\RolePermission_Roo_Configurable.aj
C:\Users\priyanka\git\bikelet\src\main\java\com\sjsu\bikelet\domain\BikeLocation_Roo_JavaBean.aj
C:\Users\priyanka\git\bikelet\src\main\java\com\sjsu\bikelet\domain\TenantLicensePolicy_Roo_Configurable.aj
C:\Users\priyanka\git\bikelet\src\main\java\com\sjsu\bikelet\domain\BillTransaction_Roo_ToString.aj
C:\Users\priyanka\git\bikelet\src\main\java\com\sjsu\bikelet\domain\BikeLetUser_Roo_Entity.aj
C:\Users\priyanka\git\bikelet\src\main\java\com\sjsu\bikelet\domain\BikeLocation_Roo_Entity.aj
C:\Users\priyanka\git\bikelet\src\main\java\com\sjsu\bikelet\domain\Organization_Roo_Configurable.aj
C:\Users\priyanka\git\bikelet\src\main\java\com\sjsu\bikelet\domain\RentTransaction_Roo_JavaBean.aj
C:\Users\priyanka\git\bikelet\src\main\java\com\sjsu\bikelet\domain\BikeLetUser_Roo_Configurable.aj
C:\Users\priyanka\git\bikelet\src\main\java\com\sjsu\bikelet\domain\UserSubscriptionPolicy_Roo_ToString.aj
C:\Users\priyanka\git\bikelet\src\main\java\com\sjsu\bikelet\domain\SubscriptionRate_Roo_ToString.aj
C:\Users\priyanka\git\bikelet\src\main\java\com\sjsu\bikelet\domain\Permission_Roo_ToString.aj
C:\Users\priyanka\git\bikelet\src\main\java\com\sjsu\bikelet\domain\Bike_Roo_Jpa_Entity.aj
C:\Users\priyanka\git\bikelet\src\main\java\com\sjsu\bikelet\domain\BikeLetRole.java
C:\Users\priyanka\git\bikelet\src\main\java\com\sjsu\bikelet\domain\PaymentTransaction_Roo_ToString.aj
C:\Users\priyanka\git\bikelet\src\main\java\com\sjsu\bikelet\domain\UserRole.java
C:\Users\priyanka\git\bikelet\src\main\java\com\sjsu\bikelet\domain\Tenant_Roo_ToString.aj
C:\Users\priyanka\git\bikelet\src\main\java\com\sjsu\bikelet\domain\PaymentInfo_Roo_Jpa_Entity.aj
C:\Users\priyanka\git\bikelet\src\main\java\com\sjsu\bikelet\domain\Address.java
C:\Users\priyanka\git\bikelet\src\main\java\com\sjsu\bikelet\domain\RentTransaction_Roo_Jpa_Entity.aj
C:\Users\priyanka\git\bikelet\src\main\java\com\sjsu\bikelet\domain\PaymentInfo_Roo_Configurable.aj
C:\Users\priyanka\git\bikelet\src\main\java\com\sjsu\bikelet\domain\TenantLicensePolicy_Roo_ToString.aj
C:\Users\priyanka\git\bikelet\src\main\java\com\sjsu\bikelet\domain\Station_Roo_ToString.aj
C:\Users\priyanka\git\bikelet\src\main\java\com\sjsu\bikelet\domain\PaymentTransaction_Roo_Entity.aj
C:\Users\priyanka\git\bikelet\src\main\java\com\sjsu\bikelet\domain\Bill.java
C:\Users\priyanka\git\bikelet\src\main\java\com\sjsu\bikelet\domain\Tenant_Roo_JavaBean.aj
C:\Users\priyanka\git\bikelet\src\main\java\com\sjsu\bikelet\domain\Tenant_Roo_Configurable.aj
C:\Users\priyanka\git\bikelet\src\main\java\com\sjsu\bikelet\domain\UserRole_Roo_Entity.aj
C:\Users\priyanka\git\bikelet\src\main\java\com\sjsu\bikelet\domain\Bike_Roo_Entity.aj
C:\Users\priyanka\git\bikelet\src\main\java\com\sjsu\bikelet\domain\Address_Roo_Configurable.aj
C:\Users\priyanka\git\bikelet\src\main\java\com\sjsu\bikelet\domain\BikeLetRole_Roo_Configurable.aj
C:\Users\priyanka\git\bikelet\src\main\java\com\sjsu\bikelet\domain\Permission_Roo_Configurable.aj
C:\Users\priyanka\git\bikelet\src\main\java\com\sjsu\bikelet\domain\SubscriptionRate_Roo_Jpa_Entity.aj
C:\Users\priyanka\git\bikelet\src\main\java\com\sjsu\bikelet\domain\Station_Roo_Jpa_Entity.aj
C:\Users\priyanka\git\bikelet\src\main\java\com\sjsu\bikelet\domain\RentTransaction_Roo_Entity.aj
C:\Users\priyanka\git\bikelet\src\main\java\com\sjsu\bikelet\domain\UserSubscriptionPolicy.java
C:\Users\priyanka\git\bikelet\src\main\java\com\sjsu\bikelet\domain\RentTransaction_Roo_Configurable.aj
C:\Users\priyanka\git\bikelet\src\main\java\com\sjsu\bikelet\domain\UserRole_Roo_Configurable.aj
C:\Users\priyanka\git\bikelet\src\main\java\com\sjsu\bikelet\domain\Bike_Roo_JavaBean.aj
C:\Users\priyanka\git\bikelet\src\main\java\com\sjsu\bikelet\domain\PaymentTransaction.java
C:\Users\priyanka\git\bikelet\src\main\java\com\sjsu\bikelet\domain\Station.java
C:\Users\priyanka\git\bikelet\src\main\java\com\sjsu\bikelet\domain\SubscriptionPolicy_Roo_Configurable.aj
C:\Users\priyanka\git\bikelet\src\main\java\com\sjsu\bikelet\domain\UserSubscriptionPolicy_Roo_Configurable.aj
C:\Users\priyanka\git\bikelet\src\main\java\com\sjsu\bikelet\domain\BikeLetRole_Roo_Jpa_Entity.aj
C:\Users\priyanka\git\bikelet\src\main\java\com\sjsu\bikelet\domain\Program_Roo_Entity.aj
C:\Users\priyanka\git\bikelet\src\main\java\com\sjsu\bikelet\domain\PaymentInfo_Roo_Entity.aj
C:\Users\priyanka\git\bikelet\src\main\java\com\sjsu\bikelet\domain\SubscriptionRate_Roo_Entity.aj
C:\Users\priyanka\git\bikelet\src\main\java\com\sjsu\bikelet\domain\SubscriptionRate.java
C:\Users\priyanka\git\bikelet\src\main\java\com\sjsu\bikelet\domain\Address_Roo_ToString.aj
C:\Users\priyanka\git\bikelet\src\main\java\com\sjsu\bikelet\domain\UserSubscriptionPolicy_Roo_Entity.aj
C:\Users\priyanka\git\bikelet\src\main\java\com\sjsu\bikelet\domain\Station_Roo_Entity.aj
C:\Users\priyanka\git\bikelet\src\main\java\com\sjsu\bikelet\domain\LicensePolicy_Roo_ToString.aj
C:\Users\priyanka\git\bikelet\src\main\java\com\sjsu\bikelet\domain\RolePermission_Roo_Jpa_Entity.aj
C:\Users\priyanka\git\bikelet\src\main\java\com\sjsu\bikelet\domain\SubscriptionPolicy_Roo_Entity.aj
C:\Users\priyanka\git\bikelet\src\main\java\com\sjsu\bikelet\domain\Station_Roo_JavaBean.aj
C:\Users\priyanka\git\bikelet\src\main\java\com\sjsu\bikelet\domain\BikeLetUser.java
C:\Users\priyanka\git\bikelet\src\main\java\com\sjsu\bikelet\domain\RolePermission.java
C:\Users\priyanka\git\bikelet\src\main\java\com\sjsu\bikelet\domain\Program_Roo_JavaBean.aj
C:\Users\priyanka\git\bikelet\src\main\java\com\sjsu\bikelet\domain\SubscriptionRate_Roo_Configurable.aj
C:\Users\priyanka\git\bikelet\src\main\java\com\sjsu\bikelet\domain\TenantLicensePolicy_Roo_Entity.aj
C:\Users\priyanka\git\bikelet\src\main\java\com\sjsu\bikelet\domain\LicensePolicy.java
C:\Users\priyanka\git\bikelet\src\main\java\com\sjsu\bikelet\domain\UserRole_Roo_Jpa_Entity.aj
C:\Users\priyanka\git\bikelet\src\main\java\com\sjsu\bikelet\domain\RolePermission_Roo_Entity.aj
C:\Users\priyanka\git\bikelet\src\main\java\com\sjsu\bikelet\domain\BillTransaction.java
C:\Users\priyanka\git\bikelet\src\main\java\com\sjsu\bikelet\domain\Bike.java
C:\Users\priyanka\git\bikelet\src\main\java\com\sjsu\bikelet\domain\LicensePolicy_Roo_Entity.aj
C:\Users\priyanka\git\bikelet\src\main\java\com\sjsu\bikelet\domain\Bill_Roo_Configurable.aj
C:\Users\priyanka\git\bikelet\src\main\java\com\sjsu\bikelet\domain\PaymentTransaction_Roo_Configurable.aj
C:\Users\priyanka\git\bikelet\src\main\java\com\sjsu\bikelet\domain\PaymentTransaction_Roo_JavaBean.aj
C:\Users\priyanka\git\bikelet\src\main\java\com\sjsu\bikelet\domain\UserSubscriptionPolicy_Roo_Jpa_Entity.aj
C:\Users\priyanka\git\bikelet\src\main\java\com\sjsu\bikelet\domain\BillTransaction_Roo_Entity.aj
C:\Users\priyanka\git\bikelet\src\main\java\com\sjsu\bikelet\domain\RentTransaction.java
C:\Users\priyanka\git\bikelet\src\main\java\com\sjsu\bikelet\domain\BikeLocation.java
C:\Users\priyanka\git\bikelet\src\main\java\com\sjsu\bikelet\domain\BikeLetRole_Roo_JavaBean.aj
C:\Users\priyanka\git\bikelet\src\main\java\com\sjsu\bikelet\domain\Station_Roo_Configurable.aj
C:\Users\priyanka\git\bikelet\src\main\java\com\sjsu\bikelet\domain\Permission_Roo_JavaBean.aj
C:\Users\priyanka\git\bikelet\src\main\java\com\sjsu\bikelet\domain\SubscriptionPolicy_Roo_ToString.aj
C:\Users\priyanka\git\bikelet\src\main\java\com\sjsu\bikelet\domain\Bill_Roo_Entity.aj
C:\Users\priyanka\git\bikelet\src\main\java\com\sjsu\bikelet\domain\BillTransaction_Roo_Jpa_Entity.aj
C:\Users\priyanka\git\bikelet\src\main\java\com\sjsu\bikelet\domain\Organization_Roo_ToString.aj
C:\Users\priyanka\git\bikelet\src\main\java\com\sjsu\bikelet\domain\SubscriptionRate_Roo_JavaBean.aj
C:\Users\priyanka\git\bikelet\src\main\java\com\sjsu\bikelet\domain\SubscriptionPolicy_Roo_JavaBean.aj
C:\Users\priyanka\git\bikelet\src\main\java\com\sjsu\bikelet\domain\PaymentInfo.java
C:\Users\priyanka\git\bikelet\src\main\java\com\sjsu\bikelet\domain\BikeLetUser_Roo_ToString.aj
C:\Users\priyanka\git\bikelet\src\main\java\com\sjsu\bikelet\domain\Address_Roo_Jpa_Entity.aj
C:\Users\priyanka\git\bikelet\src\main\java\com\sjsu\bikelet\domain\Tenant_Roo_Jpa_Entity.aj
C:\Users\priyanka\git\bikelet\src\main\java\com\sjsu\bikelet\domain\Bill_Roo_JavaBean.aj
C:\Users\priyanka\git\bikelet\src\main\java\com\sjsu\bikelet\domain\PaymentTransaction_Roo_Jpa_Entity.aj
C:\Users\priyanka\git\bikelet\src\main\java\com\sjsu\bikelet\domain\PaymentInfo_Roo_ToString.aj
C:\Users\priyanka\git\bikelet\src\main\java\com\sjsu\bikelet\domain\LicensePolicy_Roo_Jpa_Entity.aj
C:\Users\priyanka\git\bikelet\src\main\java\com\sjsu\bikelet\domain\BikeLocation_Roo_Configurable.aj
C:\Users\priyanka\git\bikelet\src\main\java\com\sjsu\bikelet\domain\UserRole_Roo_ToString.aj
C:\Users\priyanka\git\bikelet\src\main\java\com\sjsu\bikelet\domain\TenantLicensePolicy_Roo_JavaBean.aj
C:\Users\priyanka\git\bikelet\src\main\java\com\sjsu\bikelet\domain\Bill_Roo_Jpa_Entity.aj
C:\Users\priyanka\git\bikelet\src\main\java\com\sjsu\bikelet\domain\RentTransaction_Roo_ToString.aj
C:\Users\priyanka\git\bikelet\src\main\java\com\sjsu\bikelet\domain\BikeLocation_Roo_ToString.aj
C:\Users\priyanka\git\bikelet\src\main\java\com\sjsu\bikelet\domain\RolePermission_Roo_ToString.aj
